<?xml version="1.0" encoding="UTF-8"?>
<!-- Generated by org.testng.reporters.JUnitXMLReporter -->
<testsuite hostname="iTD-145s-MacBook-Air.local" ignored="0" name="Freshworks - Firefox test" tests="3" failures="0" timestamp="03 Feb 2023 11:25:52 GMT" time="4.842" errors="0">
  <testcase name="@BeforeMethod setup" time="4.477" classname="WM.FreshWorksTest">
    <failure type="org.openqa.selenium.WebDriverException" message="Cannot find firefox binary in PATH. Make sure firefox is installed. OS appears to be: MAC
Build info: version: &amp;apos;4.0.0-alpha-3&amp;apos;, revision: &amp;apos;8c567de6dc&amp;apos;
System info: host: &amp;apos;iTD-145s-MacBook-Air.local&amp;apos;, ip: &amp;apos;fe80:0:0:0:1cd5:1ba2:29dc:6ecc%en0&amp;apos;, os.name: &amp;apos;Mac OS X&amp;apos;, os.arch: &amp;apos;x86_64&amp;apos;, os.version: &amp;apos;12.6&amp;apos;, java.version: &amp;apos;1.8.0_321&amp;apos;
Driver info: driver.version: FirefoxDriver">
      <![CDATA[org.openqa.selenium.WebDriverException: Cannot find firefox binary in PATH. Make sure firefox is installed. OS appears to be: MAC
Build info: version: '4.0.0-alpha-3', revision: '8c567de6dc'
System info: host: 'iTD-145s-MacBook-Air.local', ip: 'fe80:0:0:0:1cd5:1ba2:29dc:6ecc%en0', os.name: 'Mac OS X', os.arch: 'x86_64', os.version: '12.6', java.version: '1.8.0_321'
Driver info: driver.version: FirefoxDriver
at org.openqa.selenium.firefox.FirefoxBinary.<init>(FirefoxBinary.java:99)
at java.util.Optional.orElseGet(Optional.java:267)
at org.openqa.selenium.firefox.FirefoxOptions.getBinary(FirefoxOptions.java:210)
at org.openqa.selenium.firefox.GeckoDriverService$Builder.withOptions(GeckoDriverService.java:159)
at org.openqa.selenium.firefox.FirefoxDriver.toExecutor(FirefoxDriver.java:181)
at org.openqa.selenium.firefox.FirefoxDriver.<init>(FirefoxDriver.java:154)
at org.openqa.selenium.firefox.FirefoxDriver.<init>(FirefoxDriver.java:132)
at WM.FreshWorksTest.setup(FreshWorksTest.java:42)
at java.util.concurrent.FutureTask.run(FutureTask.java:266)
at java.util.concurrent.ThreadPoolExecutor.runWorker(ThreadPoolExecutor.java:1149)
at java.util.concurrent.ThreadPoolExecutor$Worker.run(ThreadPoolExecutor.java:624)
at java.lang.Thread.run(Thread.java:750)
... Removed 19 stack frames]]>
    </failure>
  </testcase> <!-- @BeforeMethod setup -->
  <testcase name="@AfterMethod tearDown" time="0.0" classname="WM.FreshWorksTest">
    <skipped/>
  </testcase> <!-- @AfterMethod tearDown -->
  <testcase name="@BeforeMethod setup" time="0.0" classname="WM.FreshWorksTest">
    <skipped/>
  </testcase> <!-- @BeforeMethod setup -->
  <testcase name="@AfterMethod tearDown" time="0.0" classname="WM.FreshWorksTest">
    <skipped/>
  </testcase> <!-- @AfterMethod tearDown -->
  <testcase name="@BeforeMethod setup" time="0.0" classname="WM.FreshWorksTest">
    <skipped/>
  </testcase> <!-- @BeforeMethod setup -->
  <testcase name="@AfterMethod tearDown" time="0.0" classname="WM.FreshWorksTest">
    <skipped/>
  </testcase> <!-- @AfterMethod tearDown -->
  <testcase name="freshWorkslogoTest" time="0.0" classname="WM.FreshWorksTest">
    <skipped/>
  </testcase> <!-- freshWorkslogoTest -->
  <testcase name="freshWorksTitleTest" time="0.0" classname="WM.FreshWorksTest">
    <skipped/>
  </testcase> <!-- freshWorksTitleTest -->
  <testcase name="getFooterLinksTest" time="0.0" classname="WM.FreshWorksTest">
    <skipped/>
  </testcase> <!-- getFooterLinksTest -->
</testsuite> <!-- Freshworks - Firefox test -->
